Analysis & Synthesis report for CPU_Core
Sat Dec 21 22:13:55 2024
Quartus II Version 9.0 Build 132 02/25/2009 SJ Full Version


---------------------
; Table of Contents ;
---------------------
  1. Legal Notice
  2. Analysis & Synthesis Summary
  3. Analysis & Synthesis Settings
  4. Analysis & Synthesis Source Files Read
  5. Analysis & Synthesis Resource Usage Summary
  6. Analysis & Synthesis Resource Utilization by Entity
  7. Registers Removed During Synthesis
  8. Removed Registers Triggering Further Register Optimizations
  9. General Register Statistics
 10. Parameter Settings for User Entity Instance: Decoder:C5
 11. Parameter Settings for User Entity Instance: alu:C8
 12. Port Connectivity Checks: "Data_Memory:C9"
 13. Port Connectivity Checks: "Adder32Bit:C3"
 14. Port Connectivity Checks: "Program_Counter:C1"
 15. Analysis & Synthesis Messages



----------------
; Legal Notice ;
----------------
Copyright (C) 1991-2009 Altera Corporation
Your use of Altera Corporation's design tools, logic functions 
and other software and tools, and its AMPP partner logic 
functions, and any output files from any of the foregoing 
(including device programming or simulation files), and any 
associated documentation or information are expressly subject 
to the terms and conditions of the Altera Program License 
Subscription Agreement, Altera MegaCore Function License 
Agreement, or other applicable license agreement, including, 
without limitation, that your use is for the sole purpose of 
programming logic devices manufactured by Altera and sold by 
Altera or its authorized distributors.  Please refer to the 
applicable agreement for further details.



+-------------------------------------------------------------------------------+
; Analysis & Synthesis Summary                                                  ;
+------------------------------------+------------------------------------------+
; Analysis & Synthesis Status        ; Successful - Sat Dec 21 22:13:55 2024    ;
; Quartus II Version                 ; 9.0 Build 132 02/25/2009 SJ Full Version ;
; Revision Name                      ; CPU_Core                                 ;
; Top-level Entity Name              ; CPU_Core                                 ;
; Family                             ; Cyclone II                               ;
; Total logic elements               ; 1                                        ;
;     Total combinational functions  ; 0                                        ;
;     Dedicated logic registers      ; 1                                        ;
; Total registers                    ; 1                                        ;
; Total pins                         ; 66                                       ;
; Total virtual pins                 ; 0                                        ;
; Total memory bits                  ; 0                                        ;
; Embedded Multiplier 9-bit elements ; 0                                        ;
; Total PLLs                         ; 0                                        ;
+------------------------------------+------------------------------------------+


+----------------------------------------------------------------------------------------------------------+
; Analysis & Synthesis Settings                                                                            ;
+----------------------------------------------------------------+--------------------+--------------------+
; Option                                                         ; Setting            ; Default Value      ;
+----------------------------------------------------------------+--------------------+--------------------+
; Device                                                         ; EP2C35F672C6       ;                    ;
; Top-level entity name                                          ; CPU_Core           ; CPU_Core           ;
; Family name                                                    ; Cyclone II         ; Stratix II         ;
; Use Generated Physical Constraints File                        ; Off                ;                    ;
; Use smart compilation                                          ; Off                ; Off                ;
; Restructure Multiplexers                                       ; Auto               ; Auto               ;
; Create Debugging Nodes for IP Cores                            ; Off                ; Off                ;
; Preserve fewer node names                                      ; On                 ; On                 ;
; Disable OpenCore Plus hardware evaluation                      ; Off                ; Off                ;
; Verilog Version                                                ; Verilog_2001       ; Verilog_2001       ;
; VHDL Version                                                   ; VHDL93             ; VHDL93             ;
; State Machine Processing                                       ; Auto               ; Auto               ;
; Safe State Machine                                             ; Off                ; Off                ;
; Extract Verilog State Machines                                 ; On                 ; On                 ;
; Extract VHDL State Machines                                    ; On                 ; On                 ;
; Ignore Verilog initial constructs                              ; Off                ; Off                ;
; Iteration limit for constant Verilog loops                     ; 5000               ; 5000               ;
; Iteration limit for non-constant Verilog loops                 ; 250                ; 250                ;
; Add Pass-Through Logic to Inferred RAMs                        ; On                 ; On                 ;
; Parallel Synthesis                                             ; Off                ; Off                ;
; DSP Block Balancing                                            ; Auto               ; Auto               ;
; NOT Gate Push-Back                                             ; On                 ; On                 ;
; Power-Up Don't Care                                            ; On                 ; On                 ;
; Remove Redundant Logic Cells                                   ; Off                ; Off                ;
; Remove Duplicate Registers                                     ; On                 ; On                 ;
; Ignore CARRY Buffers                                           ; Off                ; Off                ;
; Ignore CASCADE Buffers                                         ; Off                ; Off                ;
; Ignore GLOBAL Buffers                                          ; Off                ; Off                ;
; Ignore ROW GLOBAL Buffers                                      ; Off                ; Off                ;
; Ignore LCELL Buffers                                           ; Off                ; Off                ;
; Ignore SOFT Buffers                                            ; On                 ; On                 ;
; Limit AHDL Integers to 32 Bits                                 ; Off                ; Off                ;
; Optimization Technique                                         ; Balanced           ; Balanced           ;
; Carry Chain Length                                             ; 70                 ; 70                 ;
; Auto Carry Chains                                              ; On                 ; On                 ;
; Auto Open-Drain Pins                                           ; On                 ; On                 ;
; Perform WYSIWYG Primitive Resynthesis                          ; Off                ; Off                ;
; Auto ROM Replacement                                           ; On                 ; On                 ;
; Auto RAM Replacement                                           ; On                 ; On                 ;
; Auto Shift Register Replacement                                ; Auto               ; Auto               ;
; Auto Clock Enable Replacement                                  ; On                 ; On                 ;
; Strict RAM Replacement                                         ; Off                ; Off                ;
; Allow Synchronous Control Signals                              ; On                 ; On                 ;
; Force Use of Synchronous Clear Signals                         ; Off                ; Off                ;
; Auto RAM to Logic Cell Conversion                              ; Off                ; Off                ;
; Auto Resource Sharing                                          ; Off                ; Off                ;
; Allow Any RAM Size For Recognition                             ; Off                ; Off                ;
; Allow Any ROM Size For Recognition                             ; Off                ; Off                ;
; Allow Any Shift Register Size For Recognition                  ; Off                ; Off                ;
; Use LogicLock Constraints during Resource Balancing            ; On                 ; On                 ;
; Ignore translate_off and synthesis_off directives              ; Off                ; Off                ;
; Timing-Driven Synthesis                                        ; Off                ; Off                ;
; Show Parameter Settings Tables in Synthesis Report             ; On                 ; On                 ;
; Ignore Maximum Fan-Out Assignments                             ; Off                ; Off                ;
; Synchronization Register Chain Length                          ; 2                  ; 2                  ;
; PowerPlay Power Optimization                                   ; Normal compilation ; Normal compilation ;
; HDL message level                                              ; Level2             ; Level2             ;
; Suppress Register Optimization Related Messages                ; Off                ; Off                ;
; Number of Removed Registers Reported in Synthesis Report       ; 100                ; 100                ;
; Number of Inverted Registers Reported in Synthesis Report      ; 100                ; 100                ;
; Clock MUX Protection                                           ; On                 ; On                 ;
; Auto Gated Clock Conversion                                    ; Off                ; Off                ;
; Block Design Naming                                            ; Auto               ; Auto               ;
; SDC constraint protection                                      ; Off                ; Off                ;
; Synthesis Effort                                               ; Auto               ; Auto               ;
; Allows Asynchronous Clear Usage For Shift Register Replacement ; On                 ; On                 ;
; Analysis & Synthesis Message Level                             ; Medium             ; Medium             ;
+----------------------------------------------------------------+--------------------+--------------------+


+--------------------------------------------------------------------------------------------------------------------------------------------------------------------------------------------------------+
; Analysis & Synthesis Source Files Read                                                                                                                                                                 ;
+----------------------------------+-----------------+------------------------+--------------------------------------------------------------------------------------------------------------------------+
; File Name with User-Entered Path ; Used in Netlist ; File Type              ; File Name with Absolute Path                                                                                             ;
+----------------------------------+-----------------+------------------------+--------------------------------------------------------------------------------------------------------------------------+
; CPU_Core.v                       ; yes             ; User Verilog HDL File  ; C:/Users/Acer/OneDrive - VietNam National University - HCM INTERNATIONAL UNIVERSITY/Desktop/Project Prethesis/CPU_Core.v ;
+----------------------------------+-----------------+------------------------+--------------------------------------------------------------------------------------------------------------------------+


+----------------------------------------------------------------------------+
; Analysis & Synthesis Resource Usage Summary                                ;
+---------------------------------------------+------------------------------+
; Resource                                    ; Usage                        ;
+---------------------------------------------+------------------------------+
; Estimated Total logic elements              ; 1                            ;
;                                             ;                              ;
; Total combinational functions               ; 0                            ;
; Logic element usage by number of LUT inputs ;                              ;
;     -- 4 input functions                    ; 0                            ;
;     -- 3 input functions                    ; 0                            ;
;     -- <=2 input functions                  ; 0                            ;
;                                             ;                              ;
; Logic elements by mode                      ;                              ;
;     -- normal mode                          ; 0                            ;
;     -- arithmetic mode                      ; 0                            ;
;                                             ;                              ;
; Total registers                             ; 1                            ;
;     -- Dedicated logic registers            ; 1                            ;
;     -- I/O registers                        ; 0                            ;
;                                             ;                              ;
; I/O pins                                    ; 66                           ;
; Maximum fan-out node                        ; Program_Counter:C1|PC_out[0] ;
; Maximum fan-out                             ; 1                            ;
; Total fan-out                               ; 3                            ;
; Average fan-out                             ; 0.04                         ;
+---------------------------------------------+------------------------------+


+--------------------------------------------------------------------------------------------------------------------------------------------------------------------------------------+
; Analysis & Synthesis Resource Utilization by Entity                                                                                                                                  ;
+----------------------------+-------------------+--------------+-------------+--------------+---------+-----------+------+--------------+------------------------------+--------------+
; Compilation Hierarchy Node ; LC Combinationals ; LC Registers ; Memory Bits ; DSP Elements ; DSP 9x9 ; DSP 18x18 ; Pins ; Virtual Pins ; Full Hierarchy Name          ; Library Name ;
+----------------------------+-------------------+--------------+-------------+--------------+---------+-----------+------+--------------+------------------------------+--------------+
; |CPU_Core                  ; 0 (0)             ; 1 (0)        ; 0           ; 0            ; 0       ; 0         ; 66   ; 0            ; |CPU_Core                    ; work         ;
;    |Program_Counter:C1|    ; 0 (0)             ; 1 (1)        ; 0           ; 0            ; 0       ; 0         ; 0    ; 0            ; |CPU_Core|Program_Counter:C1 ; work         ;
+----------------------------+-------------------+--------------+-------------+--------------+---------+-----------+------+--------------+------------------------------+--------------+
Note: For table entries with two numbers listed, the numbers in parentheses indicate the number of resources of the given type used by the specific entity alone. The numbers listed outside of parentheses indicate the total resources of the given type used by the specific entity and all of its sub-entities in the hierarchy.


+-----------------------------------------------------------------------------------+
; Registers Removed During Synthesis                                                ;
+------------------------------------------+----------------------------------------+
; Register name                            ; Reason for Removal                     ;
+------------------------------------------+----------------------------------------+
; Instruction_Memory:C4|Imemory[1][31]     ; Stuck at GND due to stuck port data_in ;
; Instruction_Memory:C4|Imemory[1][30]     ; Stuck at GND due to stuck port data_in ;
; Instruction_Memory:C4|Imemory[1][29]     ; Stuck at GND due to stuck port data_in ;
; Instruction_Memory:C4|Imemory[1][28]     ; Stuck at GND due to stuck port data_in ;
; Instruction_Memory:C4|Imemory[1][27]     ; Stuck at GND due to stuck port data_in ;
; Instruction_Memory:C4|Imemory[1][26]     ; Stuck at GND due to stuck port data_in ;
; Instruction_Memory:C4|Imemory[1][25]     ; Stuck at GND due to stuck port data_in ;
; Instruction_Memory:C4|Imemory[1][24]     ; Stuck at GND due to stuck port data_in ;
; Instruction_Memory:C4|Imemory[1][23]     ; Stuck at GND due to stuck port data_in ;
; Instruction_Memory:C4|Imemory[1][22]     ; Stuck at GND due to stuck port data_in ;
; Instruction_Memory:C4|Imemory[1][21]     ; Stuck at GND due to stuck port data_in ;
; Instruction_Memory:C4|Imemory[1][20]     ; Stuck at GND due to stuck port data_in ;
; Instruction_Memory:C4|Imemory[1][19]     ; Stuck at GND due to stuck port data_in ;
; Instruction_Memory:C4|Imemory[1][18]     ; Stuck at GND due to stuck port data_in ;
; Instruction_Memory:C4|Imemory[1][17]     ; Stuck at GND due to stuck port data_in ;
; Instruction_Memory:C4|Imemory[1][16]     ; Stuck at GND due to stuck port data_in ;
; Instruction_Memory:C4|Imemory[1][15]     ; Stuck at GND due to stuck port data_in ;
; Instruction_Memory:C4|Imemory[1][14]     ; Stuck at GND due to stuck port data_in ;
; Instruction_Memory:C4|Imemory[1][13]     ; Stuck at GND due to stuck port data_in ;
; Instruction_Memory:C4|Imemory[1][12]     ; Stuck at GND due to stuck port data_in ;
; Instruction_Memory:C4|Imemory[1][11]     ; Stuck at GND due to stuck port data_in ;
; Instruction_Memory:C4|Imemory[1][10]     ; Stuck at GND due to stuck port data_in ;
; Instruction_Memory:C4|Imemory[1][9]      ; Stuck at GND due to stuck port data_in ;
; Instruction_Memory:C4|Imemory[1][8]      ; Stuck at GND due to stuck port data_in ;
; Instruction_Memory:C4|Imemory[1][7]      ; Stuck at GND due to stuck port data_in ;
; Instruction_Memory:C4|Imemory[1][6]      ; Stuck at GND due to stuck port data_in ;
; Instruction_Memory:C4|Imemory[1][5]      ; Stuck at GND due to stuck port data_in ;
; Instruction_Memory:C4|Imemory[1][4]      ; Stuck at GND due to stuck port data_in ;
; Instruction_Memory:C4|Imemory[1][3]      ; Stuck at GND due to stuck port data_in ;
; Instruction_Memory:C4|Imemory[1][2]      ; Stuck at GND due to stuck port data_in ;
; Instruction_Memory:C4|Imemory[0][31]     ; Stuck at GND due to stuck port data_in ;
; Instruction_Memory:C4|Imemory[0][30]     ; Stuck at GND due to stuck port data_in ;
; Instruction_Memory:C4|Imemory[0][29]     ; Stuck at GND due to stuck port data_in ;
; Instruction_Memory:C4|Imemory[0][28]     ; Stuck at GND due to stuck port data_in ;
; Instruction_Memory:C4|Imemory[0][27]     ; Stuck at GND due to stuck port data_in ;
; Instruction_Memory:C4|Imemory[0][26]     ; Stuck at GND due to stuck port data_in ;
; Instruction_Memory:C4|Imemory[0][25]     ; Stuck at GND due to stuck port data_in ;
; Instruction_Memory:C4|Imemory[0][24]     ; Stuck at GND due to stuck port data_in ;
; Instruction_Memory:C4|Imemory[0][23]     ; Stuck at GND due to stuck port data_in ;
; Instruction_Memory:C4|Imemory[0][22]     ; Stuck at GND due to stuck port data_in ;
; Instruction_Memory:C4|Imemory[0][21]     ; Stuck at GND due to stuck port data_in ;
; Instruction_Memory:C4|Imemory[0][20]     ; Stuck at GND due to stuck port data_in ;
; Instruction_Memory:C4|Imemory[0][19]     ; Stuck at GND due to stuck port data_in ;
; Instruction_Memory:C4|Imemory[0][18]     ; Stuck at GND due to stuck port data_in ;
; Instruction_Memory:C4|Imemory[0][17]     ; Stuck at GND due to stuck port data_in ;
; Instruction_Memory:C4|Imemory[0][16]     ; Stuck at GND due to stuck port data_in ;
; Instruction_Memory:C4|Imemory[0][15]     ; Stuck at GND due to stuck port data_in ;
; Instruction_Memory:C4|Imemory[0][14]     ; Stuck at GND due to stuck port data_in ;
; Instruction_Memory:C4|Imemory[0][13]     ; Stuck at GND due to stuck port data_in ;
; Instruction_Memory:C4|Imemory[0][12]     ; Stuck at GND due to stuck port data_in ;
; Instruction_Memory:C4|Imemory[0][11]     ; Stuck at GND due to stuck port data_in ;
; Instruction_Memory:C4|Imemory[0][10]     ; Stuck at GND due to stuck port data_in ;
; Instruction_Memory:C4|Imemory[0][9]      ; Stuck at GND due to stuck port data_in ;
; Instruction_Memory:C4|Imemory[0][8]      ; Stuck at GND due to stuck port data_in ;
; Instruction_Memory:C4|Imemory[0][7]      ; Stuck at GND due to stuck port data_in ;
; Instruction_Memory:C4|Imemory[0][6]      ; Stuck at GND due to stuck port data_in ;
; Instruction_Memory:C4|Imemory[0][5]      ; Stuck at GND due to stuck port data_in ;
; Instruction_Memory:C4|Imemory[0][4]      ; Stuck at GND due to stuck port data_in ;
; Instruction_Memory:C4|Imemory[0][3]      ; Stuck at GND due to stuck port data_in ;
; Instruction_Memory:C4|Imemory[0][2]      ; Stuck at GND due to stuck port data_in ;
; Instruction_Memory:C4|Imemory[2][2]      ; Stuck at GND due to stuck port data_in ;
; Instruction_Memory:C4|Imemory[2][3]      ; Stuck at GND due to stuck port data_in ;
; Instruction_Memory:C4|Imemory[2][4]      ; Stuck at GND due to stuck port data_in ;
; Instruction_Memory:C4|Imemory[2][5]      ; Stuck at GND due to stuck port data_in ;
; Instruction_Memory:C4|Imemory[2][6]      ; Stuck at GND due to stuck port data_in ;
; Instruction_Memory:C4|Imemory[2][7]      ; Stuck at GND due to stuck port data_in ;
; Instruction_Memory:C4|Imemory[2][8]      ; Stuck at GND due to stuck port data_in ;
; Instruction_Memory:C4|Imemory[2][9]      ; Stuck at GND due to stuck port data_in ;
; Instruction_Memory:C4|Imemory[2][10]     ; Stuck at GND due to stuck port data_in ;
; Instruction_Memory:C4|Imemory[2][11]     ; Stuck at GND due to stuck port data_in ;
; Instruction_Memory:C4|Imemory[2][12]     ; Stuck at GND due to stuck port data_in ;
; Instruction_Memory:C4|Imemory[2][13]     ; Stuck at GND due to stuck port data_in ;
; Instruction_Memory:C4|Imemory[2][14]     ; Stuck at GND due to stuck port data_in ;
; Instruction_Memory:C4|Imemory[2][15]     ; Stuck at GND due to stuck port data_in ;
; Instruction_Memory:C4|Imemory[2][16]     ; Stuck at GND due to stuck port data_in ;
; Instruction_Memory:C4|Imemory[2][17]     ; Stuck at GND due to stuck port data_in ;
; Instruction_Memory:C4|Imemory[2][18]     ; Stuck at GND due to stuck port data_in ;
; Instruction_Memory:C4|Imemory[2][19]     ; Stuck at GND due to stuck port data_in ;
; Instruction_Memory:C4|Imemory[2][20]     ; Stuck at GND due to stuck port data_in ;
; Instruction_Memory:C4|Imemory[2][21]     ; Stuck at GND due to stuck port data_in ;
; Instruction_Memory:C4|Imemory[2][22]     ; Stuck at GND due to stuck port data_in ;
; Instruction_Memory:C4|Imemory[2][23]     ; Stuck at GND due to stuck port data_in ;
; Instruction_Memory:C4|Imemory[2][24]     ; Stuck at GND due to stuck port data_in ;
; Instruction_Memory:C4|Imemory[2][25]     ; Stuck at GND due to stuck port data_in ;
; Instruction_Memory:C4|Imemory[2][26]     ; Stuck at GND due to stuck port data_in ;
; Instruction_Memory:C4|Imemory[2][27]     ; Stuck at GND due to stuck port data_in ;
; Instruction_Memory:C4|Imemory[2][28]     ; Stuck at GND due to stuck port data_in ;
; Instruction_Memory:C4|Imemory[2][29]     ; Stuck at GND due to stuck port data_in ;
; Instruction_Memory:C4|Imemory[2][30]     ; Stuck at GND due to stuck port data_in ;
; Instruction_Memory:C4|Imemory[2][31]     ; Stuck at GND due to stuck port data_in ;
; Instruction_Memory:C4|Imemory[3][2]      ; Stuck at GND due to stuck port data_in ;
; Instruction_Memory:C4|Imemory[3][3]      ; Stuck at GND due to stuck port data_in ;
; Instruction_Memory:C4|Imemory[3][4]      ; Stuck at GND due to stuck port data_in ;
; Instruction_Memory:C4|Imemory[3][5]      ; Stuck at GND due to stuck port data_in ;
; Instruction_Memory:C4|Imemory[3][6]      ; Stuck at GND due to stuck port data_in ;
; Instruction_Memory:C4|Imemory[3][7]      ; Stuck at GND due to stuck port data_in ;
; Instruction_Memory:C4|Imemory[3][8]      ; Stuck at GND due to stuck port data_in ;
; Instruction_Memory:C4|Imemory[3][9]      ; Stuck at GND due to stuck port data_in ;
; Instruction_Memory:C4|Imemory[3][10]     ; Stuck at GND due to stuck port data_in ;
; Instruction_Memory:C4|Imemory[3][11]     ; Stuck at GND due to stuck port data_in ;
; Total Number of Removed Registers = 1951 ;                                        ;
+------------------------------------------+----------------------------------------+
* Table truncated at 100 items. To change the number of removed registers reported, set the "Number of Removed Registers Reported" option under Assignments->Settings->Analysis and Synthesis Settings->More Settings


+----------------------------------------------------------------------------------------------------------------------------------+
; Removed Registers Triggering Further Register Optimizations                                                                      ;
+--------------------------------------+---------------------------+---------------------------------------------------------------+
; Register name                        ; Reason for Removal        ; Registers Removed due to This Register                        ;
+--------------------------------------+---------------------------+---------------------------------------------------------------+
; Instruction_Memory:C4|Imemory[1][24] ; Stuck at GND              ; Program_Counter:C1|PC_out[31], Program_Counter:C1|PC_out[30], ;
;                                      ; due to stuck port data_in ; Program_Counter:C1|PC_out[29], Program_Counter:C1|PC_out[28], ;
;                                      ;                           ; Program_Counter:C1|PC_out[27], Program_Counter:C1|PC_out[26], ;
;                                      ;                           ; Program_Counter:C1|PC_out[25], Program_Counter:C1|PC_out[24], ;
;                                      ;                           ; Program_Counter:C1|PC_out[23], Program_Counter:C1|PC_out[22], ;
;                                      ;                           ; Program_Counter:C1|PC_out[21], Program_Counter:C1|PC_out[20], ;
;                                      ;                           ; Program_Counter:C1|PC_out[19], Program_Counter:C1|PC_out[18], ;
;                                      ;                           ; Program_Counter:C1|PC_out[17], Program_Counter:C1|PC_out[16], ;
;                                      ;                           ; Program_Counter:C1|PC_out[15], Program_Counter:C1|PC_out[14], ;
;                                      ;                           ; Program_Counter:C1|PC_out[13], Program_Counter:C1|PC_out[12], ;
;                                      ;                           ; Program_Counter:C1|PC_out[11], Program_Counter:C1|PC_out[10], ;
;                                      ;                           ; Program_Counter:C1|PC_out[9], Program_Counter:C1|PC_out[8],   ;
;                                      ;                           ; Program_Counter:C1|PC_out[7], Program_Counter:C1|PC_out[6],   ;
;                                      ;                           ; Program_Counter:C1|PC_out[5], Program_Counter:C1|PC_out[4],   ;
;                                      ;                           ; Program_Counter:C1|PC_out[3], Program_Counter:C1|PC_out[2],   ;
;                                      ;                           ; Program_Counter:C1|PC_out[1]                                  ;
+--------------------------------------+---------------------------+---------------------------------------------------------------+


+------------------------------------------------------+
; General Register Statistics                          ;
+----------------------------------------------+-------+
; Statistic                                    ; Value ;
+----------------------------------------------+-------+
; Total registers                              ; 1     ;
; Number of registers using Synchronous Clear  ; 0     ;
; Number of registers using Synchronous Load   ; 0     ;
; Number of registers using Asynchronous Clear ; 1     ;
; Number of registers using Asynchronous Load  ; 0     ;
; Number of registers using Clock Enable       ; 0     ;
; Number of registers using Preset             ; 0     ;
+----------------------------------------------+-------+


+---------------------------------------------------------+
; Parameter Settings for User Entity Instance: Decoder:C5 ;
+----------------+-------+--------------------------------+
; Parameter Name ; Value ; Type                           ;
+----------------+-------+--------------------------------+
; OP_LUI         ; 01101 ; Unsigned Binary                ;
; OP_AUIPC       ; 00101 ; Unsigned Binary                ;
; OP_JAL         ; 11011 ; Unsigned Binary                ;
; OP_JALR        ; 11001 ; Unsigned Binary                ;
; OP_BRANCH      ; 11000 ; Unsigned Binary                ;
; OP_STORE       ; 01000 ; Unsigned Binary                ;
; OP_LOAD        ; 00000 ; Unsigned Binary                ;
+----------------+-------+--------------------------------+
Note: In order to hide this table in the UI and the text report file, please set the "Show Parameter Settings Tables in Synthesis Report" option in "Analysis and Synthesis Settings -> More Settings" to "Off".


+-----------------------------------------------------+
; Parameter Settings for User Entity Instance: alu:C8 ;
+----------------+-------+----------------------------+
; Parameter Name ; Value ; Type                       ;
+----------------+-------+----------------------------+
; OP_LUI         ; 01101 ; Unsigned Binary            ;
; OP_AUIPC       ; 00101 ; Unsigned Binary            ;
; OP_JAL         ; 11011 ; Unsigned Binary            ;
; OP_JALR        ; 11001 ; Unsigned Binary            ;
; OP_BRANCH      ; 11000 ; Unsigned Binary            ;
; OP_LOAD        ; 00000 ; Unsigned Binary            ;
; OP_STORE       ; 01000 ; Unsigned Binary            ;
; OP_OPIMM       ; 00100 ; Unsigned Binary            ;
; OP_OP          ; 01100 ; Unsigned Binary            ;
; FUNC_BEQ       ; 000   ; Unsigned Binary            ;
; FUNC_BNE       ; 001   ; Unsigned Binary            ;
; FUNC_BLT       ; 100   ; Unsigned Binary            ;
; FUNC_BGE       ; 101   ; Unsigned Binary            ;
; FUNC_BLTU      ; 110   ; Unsigned Binary            ;
; FUNC_BGEU      ; 111   ; Unsigned Binary            ;
; FUNC_LB        ; 000   ; Unsigned Binary            ;
; FUNC_LH        ; 001   ; Unsigned Binary            ;
; FUNC_LW        ; 010   ; Unsigned Binary            ;
; FUNC_LBU       ; 100   ; Unsigned Binary            ;
; FUNC_LHU       ; 101   ; Unsigned Binary            ;
; FUNC_SB        ; 000   ; Unsigned Binary            ;
; FUNC_SH        ; 001   ; Unsigned Binary            ;
; FUNC_SW        ; 010   ; Unsigned Binary            ;
; FUNC_ADDI      ; 000   ; Unsigned Binary            ;
; FUNC_SLTI      ; 010   ; Unsigned Binary            ;
; FUNC_SLTIU     ; 011   ; Unsigned Binary            ;
; FUNC_XORI      ; 100   ; Unsigned Binary            ;
; FUNC_ORI       ; 110   ; Unsigned Binary            ;
; FUNC_ANDI      ; 111   ; Unsigned Binary            ;
; FUNC_SLLI      ; 001   ; Unsigned Binary            ;
; FUNC_SRLI_SRAI ; 101   ; Unsigned Binary            ;
; FUNC_SRLI      ; 0     ; Unsigned Binary            ;
; FUNC_SRAI      ; 1     ; Unsigned Binary            ;
; ALU_OP_ADD_SUB ; 000   ; Unsigned Binary            ;
; ALU_OP_ADD     ; 0     ; Unsigned Binary            ;
; ALU_OP_SUB     ; 1     ; Unsigned Binary            ;
; ALU_OP_SLL     ; 001   ; Unsigned Binary            ;
; ALU_OP_SLT     ; 010   ; Unsigned Binary            ;
; ALU_OP_SLTU    ; 011   ; Unsigned Binary            ;
; ALU_OP_XOR     ; 100   ; Unsigned Binary            ;
; ALU_OP_SRL_SRA ; 101   ; Unsigned Binary            ;
; ALU_OP_SRL     ; 0     ; Unsigned Binary            ;
; ALU_OP_SRA     ; 1     ; Unsigned Binary            ;
; ALU_OP_OR      ; 110   ; Unsigned Binary            ;
; ALU_OP_AND     ; 111   ; Unsigned Binary            ;
+----------------+-------+----------------------------+
Note: In order to hide this table in the UI and the text report file, please set the "Show Parameter Settings Tables in Synthesis Report" option in "Analysis and Synthesis Settings -> More Settings" to "Off".


+------------------------------------------------------------------------------------------------------------------------------------------------------------------------------------------------------------------+
; Port Connectivity Checks: "Data_Memory:C9"                                                                                                                                                                       ;
+---------+--------+----------+------------------------------------------------------------------------------------------------------------------------------------------------------------------------------------+
; Port    ; Type   ; Severity ; Details                                                                                                                                                                            ;
+---------+--------+----------+------------------------------------------------------------------------------------------------------------------------------------------------------------------------------------+
; addr    ; Input  ; Warning  ; Input port expression (32 bits) is wider than the input port (5 bits) it drives.  The 27 most-significant bit(s) in the expression will be dangling if they have no other fanouts. ;
; rd_data ; Output ; Info     ; Connected to dangling logic. Logic that only feeds a dangling port will be removed.                                                                                                ;
+---------+--------+----------+------------------------------------------------------------------------------------------------------------------------------------------------------------------------------------+


+-------------------------------------------------+
; Port Connectivity Checks: "Adder32Bit:C3"       ;
+---------------+-------+----------+--------------+
; Port          ; Type  ; Severity ; Details      ;
+---------------+-------+----------+--------------+
; input2[31..1] ; Input ; Info     ; Stuck at GND ;
; input2[0]     ; Input ; Info     ; Stuck at VCC ;
+---------------+-------+----------+--------------+


+-------------------------------------------------------------------------------------------------------------------------------------------------------------------------+
; Port Connectivity Checks: "Program_Counter:C1"                                                                                                                          ;
+------+-------+----------+-----------------------------------------------------------------------------------------------------------------------------------------------+
; Port ; Type  ; Severity ; Details                                                                                                                                       ;
+------+-------+----------+-----------------------------------------------------------------------------------------------------------------------------------------------+
; imm  ; Input ; Warning  ; Input port expression (1 bits) is smaller than the input port (32 bits) it drives.  Extra input bit(s) "imm[31..1]" will be connected to GND. ;
+------+-------+----------+-----------------------------------------------------------------------------------------------------------------------------------------------+


+-------------------------------+
; Analysis & Synthesis Messages ;
+-------------------------------+
Info: *******************************************************************
Info: Running Quartus II Analysis & Synthesis
    Info: Version 9.0 Build 132 02/25/2009 SJ Full Version
    Info: Processing started: Sat Dec 21 22:13:54 2024
Info: Command: quartus_map --read_settings_files=on --write_settings_files=off CPU_Core -c CPU_Core
Info: Found 11 design units, including 11 entities, in source file CPU_Core.v
    Info: Found entity 1: CPU_Core
    Info: Found entity 2: Program_Counter
    Info: Found entity 3: Shift_Right_1_Bit
    Info: Found entity 4: Adder32Bit
    Info: Found entity 5: Instruction_Memory
    Info: Found entity 6: Decoder
    Info: Found entity 7: alu
    Info: Found entity 8: Register_File
    Info: Found entity 9: Mux_32_bit
    Info: Found entity 10: Data_Memory
    Info: Found entity 11: Control
Warning (10236): Verilog HDL Implicit Net warning at CPU_Core.v(14): created implicit net for "imm"
Info: Elaborating entity "CPU_Core" for the top level hierarchy
Info: Elaborating entity "Program_Counter" for hierarchy "Program_Counter:C1"
Info: Elaborating entity "Shift_Right_1_Bit" for hierarchy "Shift_Right_1_Bit:C2"
Info: Elaborating entity "Adder32Bit" for hierarchy "Adder32Bit:C3"
Info: Elaborating entity "Instruction_Memory" for hierarchy "Instruction_Memory:C4"
Info: Elaborating entity "Decoder" for hierarchy "Decoder:C5"
Info: Elaborating entity "Control" for hierarchy "Control:C6"
Warning (10036): Verilog HDL or VHDL warning at CPU_Core.v(397): object "is_i_instr" assigned a value but never read
Info: Elaborating entity "Register_File" for hierarchy "Register_File:C7"
Warning (10235): Verilog HDL Always Construct warning at CPU_Core.v(326): variable "rd_addr1" is read inside the Always Construct but isn't in the Always Construct's Event Control
Warning (10235): Verilog HDL Always Construct warning at CPU_Core.v(330): variable "rd_addr1" is read inside the Always Construct but isn't in the Always Construct's Event Control
Warning (10235): Verilog HDL Always Construct warning at CPU_Core.v(338): variable "rd_addr2" is read inside the Always Construct but isn't in the Always Construct's Event Control
Warning (10235): Verilog HDL Always Construct warning at CPU_Core.v(342): variable "rd_addr2" is read inside the Always Construct but isn't in the Always Construct's Event Control
Info: Elaborating entity "alu" for hierarchy "alu:C8"
Warning (10036): Verilog HDL or VHDL warning at CPU_Core.v(206): object "rd" assigned a value but never read
Warning (10270): Verilog HDL Case Statement warning at CPU_Core.v(256): incomplete case statement has no default case item
Warning (10270): Verilog HDL Case Statement warning at CPU_Core.v(224): incomplete case statement has no default case item
Warning (10240): Verilog HDL Always Construct warning at CPU_Core.v(213): inferring latch(es) for variable "is_jal", which holds its previous value in one or more paths through the always construct
Warning (10240): Verilog HDL Always Construct warning at CPU_Core.v(213): inferring latch(es) for variable "is_jalr", which holds its previous value in one or more paths through the always construct
Warning (10240): Verilog HDL Always Construct warning at CPU_Core.v(213): inferring latch(es) for variable "taken_branch", which holds its previous value in one or more paths through the always construct
Warning (10240): Verilog HDL Always Construct warning at CPU_Core.v(213): inferring latch(es) for variable "alu_out", which holds its previous value in one or more paths through the always construct
Info (10041): Inferred latch for "alu_out[0]" at CPU_Core.v(213)
Info (10041): Inferred latch for "alu_out[1]" at CPU_Core.v(213)
Info (10041): Inferred latch for "alu_out[2]" at CPU_Core.v(213)
Info (10041): Inferred latch for "alu_out[3]" at CPU_Core.v(213)
Info (10041): Inferred latch for "alu_out[4]" at CPU_Core.v(213)
Info (10041): Inferred latch for "alu_out[5]" at CPU_Core.v(213)
Info (10041): Inferred latch for "alu_out[6]" at CPU_Core.v(213)
Info (10041): Inferred latch for "alu_out[7]" at CPU_Core.v(213)
Info (10041): Inferred latch for "alu_out[8]" at CPU_Core.v(213)
Info (10041): Inferred latch for "alu_out[9]" at CPU_Core.v(213)
Info (10041): Inferred latch for "alu_out[10]" at CPU_Core.v(213)
Info (10041): Inferred latch for "alu_out[11]" at CPU_Core.v(213)
Info (10041): Inferred latch for "alu_out[12]" at CPU_Core.v(213)
Info (10041): Inferred latch for "alu_out[13]" at CPU_Core.v(213)
Info (10041): Inferred latch for "alu_out[14]" at CPU_Core.v(213)
Info (10041): Inferred latch for "alu_out[15]" at CPU_Core.v(213)
Info (10041): Inferred latch for "alu_out[16]" at CPU_Core.v(213)
Info (10041): Inferred latch for "alu_out[17]" at CPU_Core.v(213)
Info (10041): Inferred latch for "alu_out[18]" at CPU_Core.v(213)
Info (10041): Inferred latch for "alu_out[19]" at CPU_Core.v(213)
Info (10041): Inferred latch for "alu_out[20]" at CPU_Core.v(213)
Info (10041): Inferred latch for "alu_out[21]" at CPU_Core.v(213)
Info (10041): Inferred latch for "alu_out[22]" at CPU_Core.v(213)
Info (10041): Inferred latch for "alu_out[23]" at CPU_Core.v(213)
Info (10041): Inferred latch for "alu_out[24]" at CPU_Core.v(213)
Info (10041): Inferred latch for "alu_out[25]" at CPU_Core.v(213)
Info (10041): Inferred latch for "alu_out[26]" at CPU_Core.v(213)
Info (10041): Inferred latch for "alu_out[27]" at CPU_Core.v(213)
Info (10041): Inferred latch for "alu_out[28]" at CPU_Core.v(213)
Info (10041): Inferred latch for "alu_out[29]" at CPU_Core.v(213)
Info (10041): Inferred latch for "alu_out[30]" at CPU_Core.v(213)
Info (10041): Inferred latch for "alu_out[31]" at CPU_Core.v(213)
Info (10041): Inferred latch for "taken_branch" at CPU_Core.v(213)
Info (10041): Inferred latch for "is_jalr" at CPU_Core.v(213)
Info (10041): Inferred latch for "is_jal" at CPU_Core.v(213)
Info: Elaborating entity "Data_Memory" for hierarchy "Data_Memory:C9"
Info: Elaborating entity "Mux_32_bit" for hierarchy "Mux_32_bit:C10"
Warning: LATCH primitive "alu:C8|alu_out[31]" is permanently enabled
Warning: LATCH primitive "alu:C8|alu_out[30]" is permanently enabled
Warning: LATCH primitive "alu:C8|alu_out[29]" is permanently enabled
Warning: LATCH primitive "alu:C8|alu_out[28]" is permanently enabled
Warning: LATCH primitive "alu:C8|alu_out[27]" is permanently enabled
Warning: LATCH primitive "alu:C8|alu_out[26]" is permanently enabled
Warning: LATCH primitive "alu:C8|alu_out[25]" is permanently enabled
Warning: LATCH primitive "alu:C8|alu_out[24]" is permanently enabled
Warning: LATCH primitive "alu:C8|alu_out[23]" is permanently enabled
Warning: LATCH primitive "alu:C8|alu_out[22]" is permanently enabled
Warning: LATCH primitive "alu:C8|alu_out[21]" is permanently enabled
Warning: LATCH primitive "alu:C8|alu_out[20]" is permanently enabled
Warning: LATCH primitive "alu:C8|alu_out[19]" is permanently enabled
Warning: LATCH primitive "alu:C8|alu_out[18]" is permanently enabled
Warning: LATCH primitive "alu:C8|alu_out[17]" is permanently enabled
Warning: LATCH primitive "alu:C8|alu_out[16]" is permanently enabled
Warning: LATCH primitive "alu:C8|alu_out[15]" is permanently enabled
Warning: LATCH primitive "alu:C8|alu_out[14]" is permanently enabled
Warning: LATCH primitive "alu:C8|alu_out[13]" is permanently enabled
Warning: LATCH primitive "alu:C8|alu_out[12]" is permanently enabled
Warning: LATCH primitive "alu:C8|alu_out[11]" is permanently enabled
Warning: LATCH primitive "alu:C8|alu_out[10]" is permanently enabled
Warning: LATCH primitive "alu:C8|alu_out[9]" is permanently enabled
Warning: LATCH primitive "alu:C8|alu_out[8]" is permanently enabled
Warning: LATCH primitive "alu:C8|alu_out[7]" is permanently enabled
Warning: LATCH primitive "alu:C8|alu_out[6]" is permanently enabled
Warning: LATCH primitive "alu:C8|alu_out[5]" is permanently enabled
Warning: LATCH primitive "alu:C8|alu_out[4]" is permanently enabled
Warning: LATCH primitive "alu:C8|alu_out[3]" is permanently enabled
Warning: LATCH primitive "alu:C8|alu_out[2]" is permanently enabled
Warning: LATCH primitive "alu:C8|alu_out[1]" is permanently enabled
Warning: LATCH primitive "alu:C8|alu_out[0]" is permanently enabled
Warning: LATCH primitive "alu:C8|alu_out[31]" is permanently enabled
Warning: LATCH primitive "alu:C8|alu_out[30]" is permanently enabled
Warning: LATCH primitive "alu:C8|alu_out[29]" is permanently enabled
Warning: LATCH primitive "alu:C8|alu_out[28]" is permanently enabled
Warning: LATCH primitive "alu:C8|alu_out[27]" is permanently enabled
Warning: LATCH primitive "alu:C8|alu_out[26]" is permanently enabled
Warning: LATCH primitive "alu:C8|alu_out[25]" is permanently enabled
Warning: LATCH primitive "alu:C8|alu_out[24]" is permanently enabled
Warning: LATCH primitive "alu:C8|alu_out[23]" is permanently enabled
Warning: LATCH primitive "alu:C8|alu_out[22]" is permanently enabled
Warning: LATCH primitive "alu:C8|alu_out[21]" is permanently enabled
Warning: LATCH primitive "alu:C8|alu_out[20]" is permanently enabled
Warning: LATCH primitive "alu:C8|alu_out[19]" is permanently enabled
Warning: LATCH primitive "alu:C8|alu_out[18]" is permanently enabled
Warning: LATCH primitive "alu:C8|alu_out[17]" is permanently enabled
Warning: LATCH primitive "alu:C8|alu_out[16]" is permanently enabled
Warning: LATCH primitive "alu:C8|alu_out[15]" is permanently enabled
Warning: LATCH primitive "alu:C8|alu_out[14]" is permanently enabled
Warning: LATCH primitive "alu:C8|alu_out[13]" is permanently enabled
Warning: LATCH primitive "alu:C8|alu_out[12]" is permanently enabled
Warning: LATCH primitive "alu:C8|alu_out[11]" is permanently enabled
Warning: LATCH primitive "alu:C8|alu_out[10]" is permanently enabled
Warning: LATCH primitive "alu:C8|alu_out[9]" is permanently enabled
Warning: LATCH primitive "alu:C8|alu_out[8]" is permanently enabled
Warning: LATCH primitive "alu:C8|alu_out[7]" is permanently enabled
Warning: LATCH primitive "alu:C8|alu_out[6]" is permanently enabled
Warning: LATCH primitive "alu:C8|alu_out[5]" is permanently enabled
Warning: LATCH primitive "alu:C8|alu_out[4]" is permanently enabled
Warning: LATCH primitive "alu:C8|alu_out[3]" is permanently enabled
Warning: LATCH primitive "alu:C8|alu_out[2]" is permanently enabled
Warning: LATCH primitive "alu:C8|alu_out[1]" is permanently enabled
Warning: LATCH primitive "alu:C8|alu_out[0]" is permanently enabled
Warning: 2 hierarchies have connectivity warnings - see the Connectivity Checks report folder
Warning: Output pins are stuck at VCC or GND
    Warning (13410): Pin "W_PC_out[1]" is stuck at GND
    Warning (13410): Pin "W_PC_out[2]" is stuck at GND
    Warning (13410): Pin "W_PC_out[3]" is stuck at GND
    Warning (13410): Pin "W_PC_out[4]" is stuck at GND
    Warning (13410): Pin "W_PC_out[5]" is stuck at GND
    Warning (13410): Pin "W_PC_out[6]" is stuck at GND
    Warning (13410): Pin "W_PC_out[7]" is stuck at GND
    Warning (13410): Pin "W_PC_out[8]" is stuck at GND
    Warning (13410): Pin "W_PC_out[9]" is stuck at GND
    Warning (13410): Pin "W_PC_out[10]" is stuck at GND
    Warning (13410): Pin "W_PC_out[11]" is stuck at GND
    Warning (13410): Pin "W_PC_out[12]" is stuck at GND
    Warning (13410): Pin "W_PC_out[13]" is stuck at GND
    Warning (13410): Pin "W_PC_out[14]" is stuck at GND
    Warning (13410): Pin "W_PC_out[15]" is stuck at GND
    Warning (13410): Pin "W_PC_out[16]" is stuck at GND
    Warning (13410): Pin "W_PC_out[17]" is stuck at GND
    Warning (13410): Pin "W_PC_out[18]" is stuck at GND
    Warning (13410): Pin "W_PC_out[19]" is stuck at GND
    Warning (13410): Pin "W_PC_out[20]" is stuck at GND
    Warning (13410): Pin "W_PC_out[21]" is stuck at GND
    Warning (13410): Pin "W_PC_out[22]" is stuck at GND
    Warning (13410): Pin "W_PC_out[23]" is stuck at GND
    Warning (13410): Pin "W_PC_out[24]" is stuck at GND
    Warning (13410): Pin "W_PC_out[25]" is stuck at GND
    Warning (13410): Pin "W_PC_out[26]" is stuck at GND
    Warning (13410): Pin "W_PC_out[27]" is stuck at GND
    Warning (13410): Pin "W_PC_out[28]" is stuck at GND
    Warning (13410): Pin "W_PC_out[29]" is stuck at GND
    Warning (13410): Pin "W_PC_out[30]" is stuck at GND
    Warning (13410): Pin "W_PC_out[31]" is stuck at GND
    Warning (13410): Pin "W_alu_out[0]" is stuck at GND
    Warning (13410): Pin "W_alu_out[1]" is stuck at GND
    Warning (13410): Pin "W_alu_out[2]" is stuck at GND
    Warning (13410): Pin "W_alu_out[3]" is stuck at GND
    Warning (13410): Pin "W_alu_out[4]" is stuck at GND
    Warning (13410): Pin "W_alu_out[5]" is stuck at GND
    Warning (13410): Pin "W_alu_out[6]" is stuck at GND
    Warning (13410): Pin "W_alu_out[7]" is stuck at GND
    Warning (13410): Pin "W_alu_out[8]" is stuck at GND
    Warning (13410): Pin "W_alu_out[9]" is stuck at GND
    Warning (13410): Pin "W_alu_out[10]" is stuck at GND
    Warning (13410): Pin "W_alu_out[11]" is stuck at GND
    Warning (13410): Pin "W_alu_out[12]" is stuck at GND
    Warning (13410): Pin "W_alu_out[13]" is stuck at GND
    Warning (13410): Pin "W_alu_out[14]" is stuck at GND
    Warning (13410): Pin "W_alu_out[15]" is stuck at GND
    Warning (13410): Pin "W_alu_out[16]" is stuck at GND
    Warning (13410): Pin "W_alu_out[17]" is stuck at GND
    Warning (13410): Pin "W_alu_out[18]" is stuck at GND
    Warning (13410): Pin "W_alu_out[19]" is stuck at GND
    Warning (13410): Pin "W_alu_out[20]" is stuck at GND
    Warning (13410): Pin "W_alu_out[21]" is stuck at GND
    Warning (13410): Pin "W_alu_out[22]" is stuck at GND
    Warning (13410): Pin "W_alu_out[23]" is stuck at GND
    Warning (13410): Pin "W_alu_out[24]" is stuck at GND
    Warning (13410): Pin "W_alu_out[25]" is stuck at GND
    Warning (13410): Pin "W_alu_out[26]" is stuck at GND
    Warning (13410): Pin "W_alu_out[27]" is stuck at GND
    Warning (13410): Pin "W_alu_out[28]" is stuck at GND
    Warning (13410): Pin "W_alu_out[29]" is stuck at GND
    Warning (13410): Pin "W_alu_out[30]" is stuck at GND
    Warning (13410): Pin "W_alu_out[31]" is stuck at GND
Info: Implemented 67 device resources after synthesis - the final resource count might be different
    Info: Implemented 2 input pins
    Info: Implemented 64 output pins
    Info: Implemented 1 logic cells
Info: Quartus II Analysis & Synthesis was successful. 0 errors, 142 warnings
    Info: Peak virtual memory: 235 megabytes
    Info: Processing ended: Sat Dec 21 22:13:55 2024
    Info: Elapsed time: 00:00:01
    Info: Total CPU time (on all processors): 00:00:01


