Classic Timing Analyzer report for CPU_Core
Sat Dec 21 22:14:03 2024
Quartus II Version 9.0 Build 132 02/25/2009 SJ Full Version


---------------------
; Table of Contents ;
---------------------
  1. Legal Notice
  2. Timing Analyzer Summary
  3. Timing Analyzer Settings
  4. Clock Settings Summary
  5. Parallel Compilation
  6. tco
  7. Timing Analyzer Messages



----------------
; Legal Notice ;
----------------
Copyright (C) 1991-2009 Altera Corporation
Your use of Altera Corporation's design tools, logic functions 
and other software and tools, and its AMPP partner logic 
functions, and any output files from any of the foregoing 
(including device programming or simulation files), and any 
associated documentation or information are expressly subject 
to the terms and conditions of the Altera Program License 
Subscription Agreement, Altera MegaCore Function License 
Agreement, or other applicable license agreement, including, 
without limitation, that your use is for the sole purpose of 
programming logic devices manufactured by Altera and sold by 
Altera or its authorized distributors.  Please refer to the 
applicable agreement for further details.



+--------------------------------------------------------------------------------------------------------------------------------------------------------+
; Timing Analyzer Summary                                                                                                                                ;
+------------------------------+-------+---------------+-------------+------------------------------+-------------+------------+----------+--------------+
; Type                         ; Slack ; Required Time ; Actual Time ; From                         ; To          ; From Clock ; To Clock ; Failed Paths ;
+------------------------------+-------+---------------+-------------+------------------------------+-------------+------------+----------+--------------+
; Worst-case tco               ; N/A   ; None          ; 5.801 ns    ; Program_Counter:C1|PC_out[0] ; W_PC_out[0] ; clk        ; --       ; 0            ;
; Total number of failed paths ;       ;               ;             ;                              ;             ;            ;          ; 0            ;
+------------------------------+-------+---------------+-------------+------------------------------+-------------+------------+----------+--------------+


+--------------------------------------------------------------------------------------------------------------------+
; Timing Analyzer Settings                                                                                           ;
+---------------------------------------------------------------------+--------------------+------+----+-------------+
; Option                                                              ; Setting            ; From ; To ; Entity Name ;
+---------------------------------------------------------------------+--------------------+------+----+-------------+
; Device Name                                                         ; EP2C35F672C6       ;      ;    ;             ;
; Timing Models                                                       ; Final              ;      ;    ;             ;
; Default hold multicycle                                             ; Same as Multicycle ;      ;    ;             ;
; Cut paths between unrelated clock domains                           ; On                 ;      ;    ;             ;
; Cut off read during write signal paths                              ; On                 ;      ;    ;             ;
; Cut off feedback from I/O pins                                      ; On                 ;      ;    ;             ;
; Report Combined Fast/Slow Timing                                    ; Off                ;      ;    ;             ;
; Ignore Clock Settings                                               ; Off                ;      ;    ;             ;
; Analyze latches as synchronous elements                             ; On                 ;      ;    ;             ;
; Enable Recovery/Removal analysis                                    ; Off                ;      ;    ;             ;
; Enable Clock Latency                                                ; Off                ;      ;    ;             ;
; Use TimeQuest Timing Analyzer                                       ; Off                ;      ;    ;             ;
; Minimum Core Junction Temperature                                   ; 0                  ;      ;    ;             ;
; Maximum Core Junction Temperature                                   ; 85                 ;      ;    ;             ;
; Number of source nodes to report per destination node               ; 10                 ;      ;    ;             ;
; Number of destination nodes to report                               ; 10                 ;      ;    ;             ;
; Number of paths to report                                           ; 200                ;      ;    ;             ;
; Report Minimum Timing Checks                                        ; Off                ;      ;    ;             ;
; Use Fast Timing Models                                              ; Off                ;      ;    ;             ;
; Report IO Paths Separately                                          ; Off                ;      ;    ;             ;
; Perform Multicorner Analysis                                        ; On                 ;      ;    ;             ;
; Reports the worst-case path for each clock domain and analysis      ; Off                ;      ;    ;             ;
; Removes common clock path pessimism (CCPP) during slack computation ; Off                ;      ;    ;             ;
; Output I/O Timing Endpoint                                          ; Near End           ;      ;    ;             ;
+---------------------------------------------------------------------+--------------------+------+----+-------------+


+------------------------------------------------------------------------------------------------------------------------------------------------------------------------------------+
; Clock Settings Summary                                                                                                                                                             ;
+-----------------+--------------------+----------+------------------+---------------+--------------+----------+-----------------------+---------------------+--------+--------------+
; Clock Node Name ; Clock Setting Name ; Type     ; Fmax Requirement ; Early Latency ; Late Latency ; Based on ; Multiply Base Fmax by ; Divide Base Fmax by ; Offset ; Phase offset ;
+-----------------+--------------------+----------+------------------+---------------+--------------+----------+-----------------------+---------------------+--------+--------------+
; clk             ;                    ; User Pin ; None             ; 0.000 ns      ; 0.000 ns     ; --       ; N/A                   ; N/A                 ; N/A    ;              ;
+-----------------+--------------------+----------+------------------+---------------+--------------+----------+-----------------------+---------------------+--------+--------------+


+------------------------------------------+
; Parallel Compilation                     ;
+----------------------------+-------------+
; Processors                 ; Number      ;
+----------------------------+-------------+
; Number detected on machine ; 6           ;
; Maximum allowed            ; 4           ;
;                            ;             ;
; Average used               ; 1.00        ;
; Maximum used               ; 1           ;
;                            ;             ;
; Usage by Processor         ; % Time Used ;
;     1 processor            ; 100.0%      ;
;     2-6 processors         ;   0.0%      ;
+----------------------------+-------------+


+---------------------------------------------------------------------------------------------+
; tco                                                                                         ;
+-------+--------------+------------+------------------------------+-------------+------------+
; Slack ; Required tco ; Actual tco ; From                         ; To          ; From Clock ;
+-------+--------------+------------+------------------------------+-------------+------------+
; N/A   ; None         ; 5.801 ns   ; Program_Counter:C1|PC_out[0] ; W_PC_out[0] ; clk        ;
+-------+--------------+------------+------------------------------+-------------+------------+


+--------------------------+
; Timing Analyzer Messages ;
+--------------------------+
Info: *******************************************************************
Info: Running Quartus II Classic Timing Analyzer
    Info: Version 9.0 Build 132 02/25/2009 SJ Full Version
    Info: Processing started: Sat Dec 21 22:14:02 2024
Info: Command: quartus_tan --read_settings_files=off --write_settings_files=off CPU_Core -c CPU_Core --timing_analysis_only
Info: Parallel compilation is enabled and will use 4 of the 6 processors detected
Warning: Found pins functioning as undefined clocks and/or memory enables
    Info: Assuming node "clk" is an undefined clock
Info: No valid register-to-register data paths exist for clock "clk"
Info: tco from clock "clk" to destination pin "W_PC_out[0]" through register "Program_Counter:C1|PC_out[0]" is 5.801 ns
    Info: + Longest clock path from clock "clk" to source register is 2.129 ns
        Info: 1: + IC(0.000 ns) + CELL(0.979 ns) = 0.979 ns; Loc. = PIN_C13; Fanout = 1; CLK Node = 'clk'
        Info: 2: + IC(0.613 ns) + CELL(0.537 ns) = 2.129 ns; Loc. = LCFF_X30_Y35_N1; Fanout = 1; REG Node = 'Program_Counter:C1|PC_out[0]'
        Info: Total cell delay = 1.516 ns ( 71.21 % )
        Info: Total interconnect delay = 0.613 ns ( 28.79 % )
    Info: + Micro clock to output delay of source is 0.250 ns
    Info: + Longest register to pin delay is 3.422 ns
        Info: 1: + IC(0.000 ns) + CELL(0.000 ns) = 0.000 ns; Loc. = LCFF_X30_Y35_N1; Fanout = 1; REG Node = 'Program_Counter:C1|PC_out[0]'
        Info: 2: + IC(0.624 ns) + CELL(2.798 ns) = 3.422 ns; Loc. = PIN_B11; Fanout = 0; PIN Node = 'W_PC_out[0]'
        Info: Total cell delay = 2.798 ns ( 81.77 % )
        Info: Total interconnect delay = 0.624 ns ( 18.23 % )
Info: Quartus II Classic Timing Analyzer was successful. 0 errors, 1 warning
    Info: Peak virtual memory: 198 megabytes
    Info: Processing ended: Sat Dec 21 22:14:03 2024
    Info: Elapsed time: 00:00:01
    Info: Total CPU time (on all processors): 00:00:00


